Aug-21 09:15:15.034 [main] DEBUG nextflow.cli.Launcher - $> nextflow run script3.nf
Aug-21 09:15:15.140 [main] INFO  nextflow.cli.CmdRun - N E X T F L O W  ~  version 23.04.3
Aug-21 09:15:15.161 [main] DEBUG nextflow.plugin.PluginsFacade - Setting up plugin manager > mode=prod; embedded=false; plugins-dir=/home/konsternacja/.nextflow/plugins; core-plugins: nf-amazon@1.16.2,nf-azure@1.0.1,nf-codecommit@0.1.4,nf-console@1.0.5,nf-ga4gh@1.0.5,nf-google@1.7.3,nf-tower@1.5.12,nf-wave@0.8.4
Aug-21 09:15:15.173 [main] INFO  org.pf4j.DefaultPluginStatusProvider - Enabled plugins: []
Aug-21 09:15:15.174 [main] INFO  org.pf4j.DefaultPluginStatusProvider - Disabled plugins: []
Aug-21 09:15:15.177 [main] INFO  org.pf4j.DefaultPluginManager - PF4J version 3.4.1 in 'deployment' mode
Aug-21 09:15:15.188 [main] INFO  org.pf4j.AbstractPluginManager - No plugins
Aug-21 09:15:15.263 [main] DEBUG nextflow.cli.CmdRun - Applied DSL=2 by global default
Aug-21 09:15:15.281 [main] INFO  nextflow.cli.CmdRun - Launching `script3.nf` [serene_pesquet] DSL2 - revision: ff2edd405b
Aug-21 09:15:15.282 [main] DEBUG nextflow.plugin.PluginsFacade - Plugins default=[]
Aug-21 09:15:15.282 [main] DEBUG nextflow.plugin.PluginsFacade - Plugins resolved requirement=[]
Aug-21 09:15:15.293 [main] DEBUG nextflow.secret.LocalSecretsProvider - Secrets store: /home/konsternacja/.nextflow/secrets/store.json
Aug-21 09:15:15.305 [main] DEBUG nextflow.secret.SecretsLoader - Discovered secrets providers: [nextflow.secret.LocalSecretsProvider@3ff57625] - activable => nextflow.secret.LocalSecretsProvider@3ff57625
Aug-21 09:15:15.401 [main] DEBUG nextflow.Session - Session UUID: 40721c88-e26f-4135-9e61-f0ad21d6955f
Aug-21 09:15:15.401 [main] DEBUG nextflow.Session - Run name: serene_pesquet
Aug-21 09:15:15.404 [main] DEBUG nextflow.Session - Executor pool size: 8
Aug-21 09:15:15.420 [main] DEBUG nextflow.util.ThreadPoolBuilder - Creating thread pool 'FileTransfer' minSize=10; maxSize=24; workQueue=LinkedBlockingQueue[10000]; allowCoreThreadTimeout=false
Aug-21 09:15:15.445 [main] DEBUG nextflow.cli.CmdRun - 
  Version: 23.04.3 build 5875
  Created: 11-08-2023 18:37 UTC (20:37 CEST)
  System: Linux 6.1.0-11-amd64
  Runtime: Groovy 3.0.16 on OpenJDK 64-Bit Server VM 17.0.8+7-Debian-1deb12u1
  Encoding: UTF-8 (UTF-8)
  Process: 34797@KG [127.0.1.1]
  CPUs: 8 - Mem: 7.6 GB (1.4 GB) - Swap: 977 MB (601.9 MB)
Aug-21 09:15:15.466 [main] DEBUG nextflow.Session - Work-dir: /home/konsternacja/Git/trainings/nextflow/work [ext2/ext3]
Aug-21 09:15:15.466 [main] DEBUG nextflow.Session - Script base path does not exist or is not a directory: /home/konsternacja/Git/trainings/nextflow/bin
Aug-21 09:15:15.475 [main] DEBUG nextflow.executor.ExecutorFactory - Extension executors providers=[]
Aug-21 09:15:15.485 [main] DEBUG nextflow.Session - Observer factory: DefaultObserverFactory
Aug-21 09:15:15.505 [main] DEBUG nextflow.cache.CacheFactory - Using Nextflow cache factory: nextflow.cache.DefaultCacheFactory
Aug-21 09:15:15.514 [main] DEBUG nextflow.util.CustomThreadPool - Creating default thread pool > poolSize: 9; maxThreads: 1000
Aug-21 09:15:15.580 [main] DEBUG nextflow.Session - Session start
Aug-21 09:15:16.252 [main] DEBUG nextflow.script.ScriptRunner - > Launching execution
Aug-21 09:15:16.399 [main] DEBUG nextflow.executor.ExecutorFactory - << taskConfig executor: null
Aug-21 09:15:16.399 [main] DEBUG nextflow.executor.ExecutorFactory - >> processorType: 'local'
Aug-21 09:15:16.406 [main] DEBUG nextflow.executor.Executor - [warm up] executor > local
Aug-21 09:15:16.411 [main] DEBUG n.processor.LocalPollingMonitor - Creating local task monitor for executor 'local' > cpus=8; memory=7.6 GB; capacity=8; pollInterval=100ms; dumpInterval=5m
Aug-21 09:15:16.559 [main] DEBUG nextflow.Session - Workflow process names [dsl2]: index
Aug-21 09:15:16.559 [main] DEBUG nextflow.Session - Igniting dataflow network (2)
Aug-21 09:15:16.567 [main] DEBUG nextflow.processor.TaskProcessor - Starting process > index
Aug-21 09:15:16.568 [main] DEBUG nextflow.script.ScriptRunner - > Awaiting termination 
Aug-21 09:15:16.568 [main] DEBUG nextflow.Session - Session await
Aug-21 09:15:16.750 [Task submitter] DEBUG n.executor.local.LocalTaskHandler - Launch cmd line: /bin/bash -ue .command.run
Aug-21 09:15:16.753 [Task submitter] INFO  nextflow.Session - [a2/60d04e] Submitted process > index (1)
Aug-21 09:15:18.909 [Task monitor] DEBUG n.processor.TaskPollingMonitor - Task completed > TaskHandler[id: 1; name: index (1); status: COMPLETED; exit: 0; error: -; workDir: /home/konsternacja/Git/trainings/nextflow/work/a2/60d04e313668cffb0d094db0e921cd]
Aug-21 09:15:18.937 [Task monitor] DEBUG nextflow.util.ThreadPoolBuilder - Creating thread pool 'PublishDir' minSize=10; maxSize=24; workQueue=LinkedBlockingQueue[10000]; allowCoreThreadTimeout=false
Aug-21 09:15:18.944 [main] DEBUG nextflow.Session - Session await > all processes finished
Aug-21 09:15:19.007 [main] DEBUG nextflow.Session - Session await > all barriers passed
Aug-21 09:15:19.009 [main] DEBUG nextflow.util.ThreadPoolManager - Thread pool 'PublishDir' shutdown completed (hard=false)
Aug-21 09:15:19.015 [main] DEBUG nextflow.trace.WorkflowStatsObserver - Workflow completed > WorkflowStats[succeededCount=1; failedCount=0; ignoredCount=0; cachedCount=0; pendingCount=0; submittedCount=0; runningCount=0; retriesCount=0; abortedCount=0; succeedDuration=2.1s; failedDuration=0ms; cachedDuration=0ms;loadCpus=0; loadMemory=0; peakRunning=1; peakCpus=1; peakMemory=0; ]
Aug-21 09:15:19.034 [main] DEBUG nextflow.cache.CacheDB - Closing CacheDB done
Aug-21 09:15:19.045 [main] DEBUG nextflow.util.ThreadPoolManager - Thread pool 'FileTransfer' shutdown completed (hard=false)
Aug-21 09:15:19.045 [main] DEBUG nextflow.script.ScriptRunner - > Execution complete -- Goodbye
